67 2099 
46 1024 94 6510 301 92 31 
92 42 301 46 
831 31 
120703 31 
210 1218 
6510 46 
831110 90214 
416 1024 
92810 42 
31 1024 65 22191 120703 199999 751263 831 111 431 46 301 
94 46 
314 42 
2099 835 67 211 419 1218 65 404 50101 
419 2099 
26496 1024 
688 1024 
90214 831110 214 50101 404 
1218 66 13122 161010 13810 210 65 1024 2099 404 
13810 1218 
111 31 
161010 1218 
829 301 
199999 31 
352 1024 
112 1024 
65 161 417 1024 31 1218 2099 
161 65 
211 2099 
61610 42 
22191 31 
1024 688 928 14512 26496 1920 112 336 352 416 31 46 65 1218 
431 31 
138 42 
13122 1218 
1610 42 
1920 1024 
213 50101 
42 1610 138 61610 92810 314 92 
404 2099 1218 50101 90214 
336 1024 
66 1218 
928 1024 
50101 213 404 2099 90214 
214 90214 
301 829 92 46 31 
14512 1024 
835 2099 
751263 31 
417 65 
