1024 688 928 14512 26496 1920 112 336 352 416 31 46 65 1218 
835 2099 
31 1024 65 22191 120703 199999 751263 831 111 431 46 301 
13122 1218 
301 829 46 31 
120703 31 
336 1024 
751263 31 
1920 1024 
46 1024 94 6510 301 31 
431 31 
65 161 417 1024 31 1218 2099 
22191 31 
13810 1218 
67 2099 
6510 46 
94 46 
111 31 
66 1218 
352 1024 
26496 1024 
50101 213 404 2099 
419 2099 
416 1024 
829 301 
112 1024 
210 1218 
211 2099 
1218 66 13122 161010 13810 210 65 1024 2099 404 
688 1024 
14512 1024 
404 2099 1218 50101 
213 50101 
417 65 
161010 1218 
831 31 
928 1024 
2099 835 67 211 419 1218 65 404 50101 
199999 31 
161 65 
